0 info it worked if it ends with ok
1 verbose cli [ 'c:\\Program Files\\nodejs\\node.exe',
1 verbose cli   'c:\\Program Files\\nodejs\\node_modules\\npm\\bin\\npm-cli.js',
1 verbose cli   'run',
1 verbose cli   'test' ]
2 info using npm@2.14.4
3 info using node@v4.1.1
4 verbose run-script [ 'pretest', 'test', 'posttest' ]
5 info pretest buildtool@1.0.0
6 verbose unsafe-perm in lifecycle true
7 info test buildtool@1.0.0
8 verbose unsafe-perm in lifecycle true
9 info buildtool@1.0.0 Failed to exec test script
10 verbose stack Error: buildtool@1.0.0 test: `echo "=> testing" && mocha test/`
10 verbose stack Exit status 3
10 verbose stack     at EventEmitter.<anonymous> (c:\Program Files\nodejs\node_modules\npm\lib\utils\lifecycle.js:214:16)
10 verbose stack     at emitTwo (events.js:87:13)
10 verbose stack     at EventEmitter.emit (events.js:172:7)
10 verbose stack     at ChildProcess.<anonymous> (c:\Program Files\nodejs\node_modules\npm\lib\utils\spawn.js:24:14)
10 verbose stack     at emitTwo (events.js:87:13)
10 verbose stack     at ChildProcess.emit (events.js:172:7)
10 verbose stack     at maybeClose (internal/child_process.js:817:16)
10 verbose stack     at Process.ChildProcess._handle.onexit (internal/child_process.js:211:5)
11 verbose pkgid buildtool@1.0.0
12 verbose cwd c:\test-projects\project1\buildtool\dist\public\js
13 error Windows_NT 6.1.7601
14 error argv "c:\\Program Files\\nodejs\\node.exe" "c:\\Program Files\\nodejs\\node_modules\\npm\\bin\\npm-cli.js" "run" "test"
15 error node v4.1.1
16 error npm  v2.14.4
17 error code ELIFECYCLE
18 error buildtool@1.0.0 test: `echo "=> testing" && mocha test/`
18 error Exit status 3
19 error Failed at the buildtool@1.0.0 test script 'echo "=> testing" && mocha test/'.
19 error This is most likely a problem with the buildtool package,
19 error not with npm itself.
19 error Tell the author that this fails on your system:
19 error     echo "=> testing" && mocha test/
19 error You can get their info via:
19 error     npm owner ls buildtool
19 error There is likely additional logging output above.
20 verbose exit [ 1, true ]
